{"numTotalTestSuites":20,"numPassedTestSuites":20,"numFailedTestSuites":0,"numPendingTestSuites":0,"numTotalTests":42,"numPassedTests":42,"numFailedTests":0,"numPendingTests":0,"numTodoTests":0,"startTime":1784657802464,"success":true,"testResults":[{"assertionResults":[{"ancestorTitles":["","fetchDrawResult"],"fullName":" fetchDrawResult retorna draw result pelo babaId e dateStr","status":"passed","title":"retorna draw result pelo babaId e dateStr","duration":6,"failureMessages":[]},{"ancestorTitles":["","fetchDrawResult"],"fullName":" fetchDrawResult retorna null quando não encontrado","status":"passed","title":"retorna null quando não encontrado","duration":1,"failureMessages":[]},{"ancestorTitles":["","fetchDrawResult"],"fullName":" fetchDrawResult lança erro quando supabase falha","status":"passed","title":"lança erro quando supabase falha","duration":2,"failureMessages":[]},{"ancestorTitles":["","upsertDrawResult"],"fullName":" upsertDrawResult chama upsert e retorna dado","status":"passed","title":"chama upsert e retorna dado","duration":2,"failureMessages":[]},{"ancestorTitles":["","fetchTodayMatch"],"fullName":" fetchTodayMatch filtra por babaId e range de data do dia","status":"passed","title":"filtra por babaId e range de data do dia","duration":1,"failureMessages":[]},{"ancestorTitles":["","fetchTodayMatch"],"fullName":" fetchTodayMatch retorna null quando não há partida hoje","status":"passed","title":"retorna null quando não há partida hoje","duration":1,"failureMessages":[]},{"ancestorTitles":["","fetchMatchHistory"],"fullName":" fetchMatchHistory retorna { data, count }","status":"passed","title":"retorna { data, count }","duration":2,"failureMessages":[]},{"ancestorTitles":["","fetchMatchHistory"],"fullName":" fetchMatchHistory retorna arrays vazios quando data=null","status":"passed","title":"retorna arrays vazios quando data=null","duration":1,"failureMessages":[]},{"ancestorTitles":["","fetchMatchHistory"],"fullName":" fetchMatchHistory aplica filtro status=finished quando filter=\"finished\"","status":"passed","title":"aplica filtro status=finished quando filter=\"finished\"","duration":1,"failureMessages":[]},{"ancestorTitles":["","fetchMatchHistory"],"fullName":" fetchMatchHistory usa paginação page e pageSize","status":"passed","title":"usa paginação page e pageSize","duration":2,"failureMessages":[]},{"ancestorTitles":["","insertMatch"],"fullName":" insertMatch insere e retorna a partida criada","status":"passed","title":"insere e retorna a partida criada","duration":2,"failureMessages":[]},{"ancestorTitles":["","updateMatch"],"fullName":" updateMatch atualiza e retorna partida","status":"passed","title":"atualiza e retorna partida","duration":1,"failureMessages":[]},{"ancestorTitles":["","finalizeMatch"],"fullName":" finalizeMatch atualiza status=finished, winner_team, scores e finished_at","status":"passed","title":"atualiza status=finished, winner_team, scores e finished_at","duration":3,"failureMessages":[]},{"ancestorTitles":["","finalizeMatch"],"fullName":" finalizeMatch inclui finished_at como ISO string","status":"passed","title":"inclui finished_at como ISO string","duration":2,"failureMessages":[]},{"ancestorTitles":["","fetchMatchPlayers"],"fullName":" fetchMatchPlayers retorna lista de match_players","status":"passed","title":"retorna lista de match_players","duration":2,"failureMessages":[]},{"ancestorTitles":["","fetchMatchPlayers"],"fullName":" fetchMatchPlayers retorna [] quando data=null","status":"passed","title":"retorna [] quando data=null","duration":1,"failureMessages":[]},{"ancestorTitles":["","insertMatchPlayers"],"fullName":" insertMatchPlayers não chama supabase quando lista vazia","status":"passed","title":"não chama supabase quando lista vazia","duration":1,"failureMessages":[]},{"ancestorTitles":["","insertMatchPlayers"],"fullName":" insertMatchPlayers chama insert com todos os players","status":"passed","title":"chama insert com todos os players","duration":2,"failureMessages":[]},{"ancestorTitles":["","updatePlayerStat"],"fullName":" updatePlayerStat soma delta ao valor atual","status":"passed","title":"soma delta ao valor atual","duration":2,"failureMessages":[]},{"ancestorTitles":["","fetchConfirmations"],"fullName":" fetchConfirmations retorna lista de confirmações","status":"passed","title":"retorna lista de confirmações","duration":1,"failureMessages":[]},{"ancestorTitles":["","fetchConfirmations"],"fullName":" fetchConfirmations retorna [] quando data=null","status":"passed","title":"retorna [] quando data=null","duration":1,"failureMessages":[]},{"ancestorTitles":["","fetchConfirmations"],"fullName":" fetchConfirmations filtra por baba_id e game_date","status":"passed","title":"filtra por baba_id e game_date","duration":2,"failureMessages":[]},{"ancestorTitles":["","insertConfirmation"],"fullName":" insertConfirmation retorna a confirmação criada","status":"passed","title":"retorna a confirmação criada","duration":2,"failureMessages":[]},{"ancestorTitles":["","deleteConfirmation"],"fullName":" deleteConfirmation chama delete com o ID correto","status":"passed","title":"chama delete com o ID correto","duration":2,"failureMessages":[]}],"startTime":1784657810614,"endTime":1784657810660,"status":"passed","message":"","name":"F:/Documentos/Desktop/Zharick/APLICATIVO/draft-play-app/src/__tests__/services/matchService.test.js"},{"assertionResults":[{"ancestorTitles":["","fetchRatingsSummary"],"fullName":" fetchRatingsSummary retorna lista mapeada com name e position","status":"passed","title":"retorna lista mapeada com name e position","duration":4,"failureMessages":[]},{"ancestorTitles":["","fetchRatingsSummary"],"fullName":" fetchRatingsSummary usa fallback \"Jogador\" quando player.name ausente","status":"passed","title":"usa fallback \"Jogador\" quando player.name ausente","duration":1,"failureMessages":[]},{"ancestorTitles":["","fetchRatingsSummary"],"fullName":" fetchRatingsSummary usa fallback \"linha\" quando player.position ausente","status":"passed","title":"usa fallback \"linha\" quando player.position ausente","duration":1,"failureMessages":[]},{"ancestorTitles":["","fetchRatingsSummary"],"fullName":" fetchRatingsSummary retorna [] quando data=null","status":"passed","title":"retorna [] quando data=null","duration":2,"failureMessages":[]},{"ancestorTitles":["","fetchRatingsSummary"],"fullName":" fetchRatingsSummary lança erro quando supabase retorna error","status":"passed","title":"lança erro quando supabase retorna error","duration":2,"failureMessages":[]},{"ancestorTitles":["","fetchRatingsSummary"],"fullName":" fetchRatingsSummary filtra por baba_id","status":"passed","title":"filtra por baba_id","duration":2,"failureMessages":[]},{"ancestorTitles":["","fetchPlayerRatingSummary"],"fullName":" fetchPlayerRatingSummary retorna dado único via maybeSingle","status":"passed","title":"retorna dado único via maybeSingle","duration":1,"failureMessages":[]},{"ancestorTitles":["","fetchPlayerRatingSummary"],"fullName":" fetchPlayerRatingSummary retorna null quando não encontrado","status":"passed","title":"retorna null quando não encontrado","duration":1,"failureMessages":[]},{"ancestorTitles":["","upsertRating"],"fullName":" upsertRating chama supabase.from(player_ratings).upsert","status":"passed","title":"chama supabase.from(player_ratings).upsert","duration":4,"failureMessages":[]},{"ancestorTitles":["","upsertRating"],"fullName":" upsertRating lança erro quando supabase retorna error","status":"passed","title":"lança erro quando supabase retorna error","duration":1,"failureMessages":[]},{"ancestorTitles":["","updateManualWeight"],"fullName":" updateManualWeight clampeia weight acima de 5 para 5","status":"passed","title":"clampeia weight acima de 5 para 5","duration":1,"failureMessages":[]},{"ancestorTitles":["","updateManualWeight"],"fullName":" updateManualWeight clampeia weight negativo para 0","status":"passed","title":"clampeia weight negativo para 0","duration":1,"failureMessages":[]},{"ancestorTitles":["","updateManualWeight"],"fullName":" updateManualWeight chama recalculateRating após atualizar","status":"passed","title":"chama recalculateRating após atualizar","duration":1,"failureMessages":[]},{"ancestorTitles":["","fetchStatsRanking"],"fullName":" fetchStatsRanking agrega gols de múltiplas partidas do mesmo jogador","status":"passed","title":"agrega gols de múltiplas partidas do mesmo jogador","duration":1,"failureMessages":[]},{"ancestorTitles":["","fetchStatsRanking"],"fullName":" fetchStatsRanking conta matches corretamente","status":"passed","title":"conta matches corretamente","duration":2,"failureMessages":[]},{"ancestorTitles":["","fetchStatsRanking"],"fullName":" fetchStatsRanking retorna [] quando data=null","status":"passed","title":"retorna [] quando data=null","duration":1,"failureMessages":[]},{"ancestorTitles":["","fetchStatsRanking"],"fullName":" fetchStatsRanking aplica filtro de 7 dias quando period=\"7days\"","status":"passed","title":"aplica filtro de 7 dias quando period=\"7days\"","duration":1,"failureMessages":[]},{"ancestorTitles":["","fetchStatsRanking"],"fullName":" fetchStatsRanking NÃO aplica filtro de data quando period=\"all\"","status":"passed","title":"NÃO aplica filtro de data quando period=\"all\"","duration":1,"failureMessages":[]}],"startTime":1784657810598,"endTime":1784657810628,"status":"passed","message":"","name":"F:/Documentos/Desktop/Zharick/APLICATIVO/draft-play-app/src/__tests__/services/ratingsService.test.js"}]}