{"numTotalTestSuites":45,"numPassedTestSuites":45,"numFailedTestSuites":0,"numPendingTestSuites":0,"numTotalTests":198,"numPassedTests":198,"numFailedTests":0,"numPendingTests":0,"numTodoTests":0,"startTime":1784657769384,"success":true,"testResults":[{"assertionResults":[{"ancestorTitles":["","sanitizeGameDaysConfig"],"fullName":" sanitizeGameDaysConfig retorna [] para array vazio","status":"passed","title":"retorna [] para array vazio","duration":4,"failureMessages":[]},{"ancestorTitles":["","sanitizeGameDaysConfig"],"fullName":" sanitizeGameDaysConfig retorna [] para null/undefined","status":"passed","title":"retorna [] para null/undefined","duration":1,"failureMessages":[]},{"ancestorTitles":["","sanitizeGameDaysConfig"],"fullName":" sanitizeGameDaysConfig retorna [] para não-array","status":"passed","title":"retorna [] para não-array","duration":0,"failureMessages":[]},{"ancestorTitles":["","sanitizeGameDaysConfig"],"fullName":" sanitizeGameDaysConfig filtra itens com day inválido (< 0 ou > 6)","status":"passed","title":"filtra itens com day inválido (< 0 ou > 6)","duration":2,"failureMessages":[]},{"ancestorTitles":["","sanitizeGameDaysConfig"],"fullName":" sanitizeGameDaysConfig filtra itens com time inválido","status":"passed","title":"filtra itens com time inválido","duration":1,"failureMessages":[]},{"ancestorTitles":["","sanitizeGameDaysConfig"],"fullName":" sanitizeGameDaysConfig aceita times válidos (00:00 a 23:59)","status":"passed","title":"aceita times válidos (00:00 a 23:59)","duration":0,"failureMessages":[]},{"ancestorTitles":["","sanitizeGameDaysConfig"],"fullName":" sanitizeGameDaysConfig deduplica dias repetidos (mantém só o primeiro)","status":"passed","title":"deduplica dias repetidos (mantém só o primeiro)","duration":1,"failureMessages":[]},{"ancestorTitles":["","sanitizeGameDaysConfig"],"fullName":" sanitizeGameDaysConfig ordena por dia da semana (crescente)","status":"passed","title":"ordena por dia da semana (crescente)","duration":1,"failureMessages":[]},{"ancestorTitles":["","sanitizeGameDaysConfig"],"fullName":" sanitizeGameDaysConfig trunca time para 5 caracteres (HH:MM)","status":"passed","title":"trunca time para 5 caracteres (HH:MM)","duration":0,"failureMessages":[]},{"ancestorTitles":["","sanitizeGameDaysConfig"],"fullName":" sanitizeGameDaysConfig inclui location como string vazia se ausente","status":"passed","title":"inclui location como string vazia se ausente","duration":1,"failureMessages":[]},{"ancestorTitles":["","sanitizeGameDaysConfig"],"fullName":" sanitizeGameDaysConfig mantém location quando fornecida","status":"passed","title":"mantém location quando fornecida","duration":0,"failureMessages":[]},{"ancestorTitles":["","sanitizeGameDaysConfig"],"fullName":" sanitizeGameDaysConfig filtra itens null/não-objeto dentro do array","status":"passed","title":"filtra itens null/não-objeto dentro do array","duration":1,"failureMessages":[]},{"ancestorTitles":["","getNextGameDay"],"fullName":" getNextGameDay retorna null para baba null","status":"passed","title":"retorna null para baba null","duration":4,"failureMessages":[]},{"ancestorTitles":["","getNextGameDay"],"fullName":" getNextGameDay retorna null para baba sem game_days_config nem game_days","status":"passed","title":"retorna null para baba sem game_days_config nem game_days","duration":1,"failureMessages":[]},{"ancestorTitles":["","getNextGameDay"],"fullName":" getNextGameDay retorna null para game_days_config vazio","status":"passed","title":"retorna null para game_days_config vazio","duration":2,"failureMessages":[]},{"ancestorTitles":["","getNextGameDay"],"fullName":" getNextGameDay retorna o próximo jogo quando é hoje (antes do deadline)","status":"passed","title":"retorna o próximo jogo quando é hoje (antes do deadline)","duration":2,"failureMessages":[]},{"ancestorTitles":["","getNextGameDay"],"fullName":" getNextGameDay pula para próxima semana quando deadline já passou","status":"passed","title":"pula para próxima semana quando deadline já passou","duration":1,"failureMessages":[]},{"ancestorTitles":["","getNextGameDay"],"fullName":" getNextGameDay retorna o jogo mais próximo entre múltiplos dias","status":"passed","title":"retorna o jogo mais próximo entre múltiplos dias","duration":1,"failureMessages":[]},{"ancestorTitles":["","getNextGameDay"],"fullName":" getNextGameDay retorna dateStr no formato YYYY-MM-DD","status":"passed","title":"retorna dateStr no formato YYYY-MM-DD","duration":0,"failureMessages":[]},{"ancestorTitles":["","getNextGameDay"],"fullName":" getNextGameDay deadline é 30 minutos antes do jogo","status":"passed","title":"deadline é 30 minutos antes do jogo","duration":1,"failureMessages":[]},{"ancestorTitles":["","getNextGameDay"],"fullName":" getNextGameDay funciona com game_days legado (sem game_days_config)","status":"passed","title":"funciona com game_days legado (sem game_days_config)","duration":5,"failureMessages":[]},{"ancestorTitles":["","generateBalancedTeams"],"fullName":" generateBalancedTeams retorna 2 times por padrão","status":"passed","title":"retorna 2 times por padrão","duration":2,"failureMessages":[]},{"ancestorTitles":["","generateBalancedTeams"],"fullName":" generateBalancedTeams retorna N times quando numTeams é especificado","status":"passed","title":"retorna N times quando numTeams é especificado","duration":1,"failureMessages":[]},{"ancestorTitles":["","generateBalancedTeams"],"fullName":" generateBalancedTeams distribui todos os jogadores entre os times","status":"passed","title":"distribui todos os jogadores entre os times","duration":1,"failureMessages":[]},{"ancestorTitles":["","generateBalancedTeams"],"fullName":" generateBalancedTeams separa goleiros dos jogadores de linha","status":"passed","title":"separa goleiros dos jogadores de linha","duration":1,"failureMessages":[]},{"ancestorTitles":["","generateBalancedTeams"],"fullName":" generateBalancedTeams times têm nome Time A, Time B, etc.","status":"passed","title":"times têm nome Time A, Time B, etc.","duration":0,"failureMessages":[]},{"ancestorTitles":["","generateBalancedTeams"],"fullName":" generateBalancedTeams calcula totalRating corretamente","status":"passed","title":"calcula totalRating corretamente","duration":1,"failureMessages":[]},{"ancestorTitles":["","generateBalancedTeams"],"fullName":" generateBalancedTeams não crasha com lista vazia","status":"passed","title":"não crasha com lista vazia","duration":23,"failureMessages":[]},{"ancestorTitles":["","generateBalancedTeams"],"fullName":" generateBalancedTeams usa no mínimo 2 times (evita divisão por zero)","status":"passed","title":"usa no mínimo 2 times (evita divisão por zero)","duration":1,"failureMessages":[]},{"ancestorTitles":["","generateBalancedTeams"],"fullName":" generateBalancedTeams distribui jogadores de maior rating primeiro (snake draft)","status":"passed","title":"distribui jogadores de maior rating primeiro (snake draft)","duration":0,"failureMessages":[]}],"startTime":1784657783060,"endTime":1784657783120,"status":"passed","message":"","name":"F:/Documentos/Desktop/Zharick/APLICATIVO/draft-play-app/src/__tests__/utils/babaContext.test.js"},{"assertionResults":[{"ancestorTitles":["","FEATURES","modo casual"],"fullName":" FEATURES modo casual tem presença, sorteio e placar habilitados","status":"passed","title":"tem presença, sorteio e placar habilitados","duration":2,"failureMessages":[]},{"ancestorTitles":["","FEATURES","modo casual"],"fullName":" FEATURES modo casual não tem financeiro, IA e torneios","status":"passed","title":"não tem financeiro, IA e torneios","duration":1,"failureMessages":[]},{"ancestorTitles":["","FEATURES","modo casual"],"fullName":" FEATURES modo casual rankings é \"basic\" (não full)","status":"passed","title":"rankings é \"basic\" (não full)","duration":0,"failureMessages":[]},{"ancestorTitles":["","FEATURES","modo casual"],"fullName":" FEATURES modo casual tem MVP (feature emocional sempre presente)","status":"passed","title":"tem MVP (feature emocional sempre presente)","duration":0,"failureMessages":[]},{"ancestorTitles":["","FEATURES","modo casual"],"fullName":" FEATURES modo casual não tem badges, streaks e comparisons","status":"passed","title":"não tem badges, streaks e comparisons","duration":1,"failureMessages":[]},{"ancestorTitles":["","FEATURES","modo casual"],"fullName":" FEATURES modo casual settings é \"simple\"","status":"passed","title":"settings é \"simple\"","duration":0,"failureMessages":[]},{"ancestorTitles":["","FEATURES","modo competitive"],"fullName":" FEATURES modo competitive tem badges, streaks, comparisons e seasons","status":"passed","title":"tem badges, streaks, comparisons e seasons","duration":1,"failureMessages":[]},{"ancestorTitles":["","FEATURES","modo competitive"],"fullName":" FEATURES modo competitive rankings é \"full\"","status":"passed","title":"rankings é \"full\"","duration":0,"failureMessages":[]},{"ancestorTitles":["","FEATURES","modo competitive"],"fullName":" FEATURES modo competitive tem torneios mas não tem financeiro nem IA","status":"passed","title":"tem torneios mas não tem financeiro nem IA","duration":1,"failureMessages":[]},{"ancestorTitles":["","FEATURES","modo competitive"],"fullName":" FEATURES modo competitive tem reactions","status":"passed","title":"tem reactions","duration":0,"failureMessages":[]},{"ancestorTitles":["","FEATURES","modo full"],"fullName":" FEATURES modo full tem todas as features habilitadas","status":"passed","title":"tem todas as features habilitadas","duration":1,"failureMessages":[]},{"ancestorTitles":["","FEATURES","modo full"],"fullName":" FEATURES modo full settings é \"advanced\"","status":"passed","title":"settings é \"advanced\"","duration":2,"failureMessages":[]},{"ancestorTitles":["","FEATURES","modo full"],"fullName":" FEATURES modo full rankings é \"full\"","status":"passed","title":"rankings é \"full\"","duration":0,"failureMessages":[]},{"ancestorTitles":["","FEATURES","modo full"],"fullName":" FEATURES modo full tem todas as features sociais","status":"passed","title":"tem todas as features sociais","duration":1,"failureMessages":[]},{"ancestorTitles":["","FEATURES","consistência entre modos"],"fullName":" FEATURES consistência entre modos todos os modos têm as mesmas chaves","status":"passed","title":"todos os modos têm as mesmas chaves","duration":2,"failureMessages":[]},{"ancestorTitles":["","FEATURES","consistência entre modos"],"fullName":" FEATURES consistência entre modos todos os modos têm presence e draw habilitados","status":"passed","title":"todos os modos têm presence e draw habilitados","duration":1,"failureMessages":[]},{"ancestorTitles":["","FEATURES","consistência entre modos"],"fullName":" FEATURES consistência entre modos todos os modos têm MVP habilitado","status":"passed","title":"todos os modos têm MVP habilitado","duration":0,"failureMessages":[]},{"ancestorTitles":["","hasFeature"],"fullName":" hasFeature retorna true para feature habilitada no modo","status":"passed","title":"retorna true para feature habilitada no modo","duration":1,"failureMessages":[]},{"ancestorTitles":["","hasFeature"],"fullName":" hasFeature retorna false para feature desabilitada no modo","status":"passed","title":"retorna false para feature desabilitada no modo","duration":0,"failureMessages":[]},{"ancestorTitles":["","hasFeature"],"fullName":" hasFeature retorna false para feature com valor \"basic\" (truthy mas não boolean true)","status":"passed","title":"retorna false para feature com valor \"basic\" (truthy mas não boolean true)","duration":1,"failureMessages":[]},{"ancestorTitles":["","hasFeature"],"fullName":" hasFeature usa modo casual como fallback quando baba é null","status":"passed","title":"usa modo casual como fallback quando baba é null","duration":0,"failureMessages":[]},{"ancestorTitles":["","hasFeature"],"fullName":" hasFeature usa modo casual como fallback quando baba é undefined","status":"passed","title":"usa modo casual como fallback quando baba é undefined","duration":1,"failureMessages":[]},{"ancestorTitles":["","hasFeature"],"fullName":" hasFeature usa casual como fallback para modo inválido","status":"passed","title":"usa casual como fallback para modo inválido","duration":0,"failureMessages":[]},{"ancestorTitles":["","hasFeature"],"fullName":" hasFeature retorna false para feature inexistente","status":"passed","title":"retorna false para feature inexistente","duration":0,"failureMessages":[]},{"ancestorTitles":["","hasFeature"],"fullName":" hasFeature competitive tem torneios mas não tem financeiro","status":"passed","title":"competitive tem torneios mas não tem financeiro","duration":1,"failureMessages":[]}],"startTime":1784657783057,"endTime":1784657783076,"status":"passed","message":"","name":"F:/Documentos/Desktop/Zharick/APLICATIVO/draft-play-app/src/__tests__/utils/babaMode.test.js"},{"assertionResults":[{"ancestorTitles":["","shuffle"],"fullName":" shuffle retorna array do mesmo tamanho","status":"passed","title":"retorna array do mesmo tamanho","duration":9,"failureMessages":[]},{"ancestorTitles":["","shuffle"],"fullName":" shuffle contém os mesmos elementos","status":"passed","title":"contém os mesmos elementos","duration":1,"failureMessages":[]},{"ancestorTitles":["","shuffle"],"fullName":" shuffle não muta o array original","status":"passed","title":"não muta o array original","duration":1,"failureMessages":[]},{"ancestorTitles":["","shuffle"],"fullName":" shuffle funciona com array vazio","status":"passed","title":"funciona com array vazio","duration":0,"failureMessages":[]},{"ancestorTitles":["","shuffle"],"fullName":" shuffle funciona com array de 1 elemento","status":"passed","title":"funciona com array de 1 elemento","duration":1,"failureMessages":[]},{"ancestorTitles":["","shuffle"],"fullName":" shuffle retorna resultado diferente em execuções distintas (aleatoriedade)","status":"passed","title":"retorna resultado diferente em execuções distintas (aleatoriedade)","duration":0,"failureMessages":[]},{"ancestorTitles":["","generateKnockout"],"fullName":" generateKnockout 4 times: gera 2 partidas na rodada 1","status":"passed","title":"4 times: gera 2 partidas na rodada 1","duration":1,"failureMessages":[]},{"ancestorTitles":["","generateKnockout"],"fullName":" generateKnockout 4 times: gera 2 rodadas (R1 + Final)","status":"passed","title":"4 times: gera 2 rodadas (R1 + Final)","duration":0,"failureMessages":[]},{"ancestorTitles":["","generateKnockout"],"fullName":" generateKnockout 8 times: gera 3 rodadas","status":"passed","title":"8 times: gera 3 rodadas","duration":1,"failureMessages":[]},{"ancestorTitles":["","generateKnockout"],"fullName":" generateKnockout 2 times: gera 1 rodada com 1 partida","status":"passed","title":"2 times: gera 1 rodada com 1 partida","duration":1,"failureMessages":[]},{"ancestorTitles":["","generateKnockout"],"fullName":" generateKnockout 3 times: usa bye para completar bracket","status":"passed","title":"3 times: usa bye para completar bracket","duration":1,"failureMessages":[]},{"ancestorTitles":["","generateKnockout"],"fullName":" generateKnockout R1 com 4 times: partidas têm team_a_id e team_b_id preenchidos","status":"passed","title":"R1 com 4 times: partidas têm team_a_id e team_b_id preenchidos","duration":0,"failureMessages":[]},{"ancestorTitles":["","generateKnockout"],"fullName":" generateKnockout rodadas seguintes têm team_a_id=null (a preencher)","status":"passed","title":"rodadas seguintes têm team_a_id=null (a preencher)","duration":1,"failureMessages":[]},{"ancestorTitles":["","generateKnockout"],"fullName":" generateKnockout match_index começa em 0","status":"passed","title":"match_index começa em 0","duration":0,"failureMessages":[]},{"ancestorTitles":["","generateKnockout"],"fullName":" generateKnockout round começa em 1","status":"passed","title":"round começa em 1","duration":1,"failureMessages":[]},{"ancestorTitles":["","generateKnockout"],"fullName":" generateKnockout 16 times: gera 4 rodadas","status":"passed","title":"16 times: gera 4 rodadas","duration":0,"failureMessages":[]},{"ancestorTitles":["","generateRoundRobin"],"fullName":" generateRoundRobin 4 times: gera 3 rodadas (n-1)","status":"passed","title":"4 times: gera 3 rodadas (n-1)","duration":1,"failureMessages":[]},{"ancestorTitles":["","generateRoundRobin"],"fullName":" generateRoundRobin 4 times: cada rodada tem 2 partidas","status":"passed","title":"4 times: cada rodada tem 2 partidas","duration":2,"failureMessages":[]},{"ancestorTitles":["","generateRoundRobin"],"fullName":" generateRoundRobin 3 times: arredonda e gera rodadas corretas","status":"passed","title":"3 times: arredonda e gera rodadas corretas","duration":0,"failureMessages":[]},{"ancestorTitles":["","generateRoundRobin"],"fullName":" generateRoundRobin cada partida tem team_a_id e team_b_id definidos","status":"passed","title":"cada partida tem team_a_id e team_b_id definidos","duration":1,"failureMessages":[]},{"ancestorTitles":["","generateRoundRobin"],"fullName":" generateRoundRobin nenhum time joga contra si mesmo","status":"passed","title":"nenhum time joga contra si mesmo","duration":1,"failureMessages":[]},{"ancestorTitles":["","generateRoundRobin"],"fullName":" generateRoundRobin 6 times: 5 rodadas, 3 partidas cada","status":"passed","title":"6 times: 5 rodadas, 3 partidas cada","duration":1,"failureMessages":[]},{"ancestorTitles":["","generateRoundRobin"],"fullName":" generateRoundRobin round começa em 1","status":"passed","title":"round começa em 1","duration":0,"failureMessages":[]},{"ancestorTitles":["","generateRoundRobin"],"fullName":" generateRoundRobin bye=false em todas as partidas de round_robin","status":"passed","title":"bye=false em todas as partidas de round_robin","duration":0,"failureMessages":[]},{"ancestorTitles":["","computeStandings"],"fullName":" computeStandings retorna array com todos os times","status":"passed","title":"retorna array com todos os times","duration":1,"failureMessages":[]},{"ancestorTitles":["","computeStandings"],"fullName":" computeStandings ordena por pontos decrescente","status":"passed","title":"ordena por pontos decrescente","duration":0,"failureMessages":[]},{"ancestorTitles":["","computeStandings"],"fullName":" computeStandings t2 com 0 pontos no último lugar","status":"passed","title":"t2 com 0 pontos no último lugar","duration":0,"failureMessages":[]},{"ancestorTitles":["","computeStandings"],"fullName":" computeStandings vitória = 3 pontos","status":"passed","title":"vitória = 3 pontos","duration":0,"failureMessages":[]},{"ancestorTitles":["","computeStandings"],"fullName":" computeStandings empate = 1 ponto para cada","status":"passed","title":"empate = 1 ponto para cada","duration":1,"failureMessages":[]},{"ancestorTitles":["","computeStandings"],"fullName":" computeStandings calcula GP, GC e SG corretamente para t1","status":"passed","title":"calcula GP, GC e SG corretamente para t1","duration":0,"failureMessages":[]},{"ancestorTitles":["","computeStandings"],"fullName":" computeStandings contabiliza P (partidas jogadas)","status":"passed","title":"contabiliza P (partidas jogadas)","duration":1,"failureMessages":[]},{"ancestorTitles":["","computeStandings"],"fullName":" computeStandings ignora partidas com status !== finished","status":"passed","title":"ignora partidas com status !== finished","duration":0,"failureMessages":[]},{"ancestorTitles":["","computeStandings"],"fullName":" computeStandings ignora partidas com score null","status":"passed","title":"ignora partidas com score null","duration":1,"failureMessages":[]},{"ancestorTitles":["","computeStandings"],"fullName":" computeStandings lista vazia de matches retorna todos com 0 pts","status":"passed","title":"lista vazia de matches retorna todos com 0 pts","duration":0,"failureMessages":[]}],"startTime":1784657782590,"endTime":1784657782620,"status":"passed","message":"","name":"F:/Documentos/Desktop/Zharick/APLICATIVO/draft-play-app/src/__tests__/utils/bracket.test.js"},{"assertionResults":[{"ancestorTitles":["","fmt"],"fullName":" fmt substitui {name} por valor fornecido","status":"passed","title":"substitui {name} por valor fornecido","duration":5,"failureMessages":[]},{"ancestorTitles":["","fmt"],"fullName":" fmt substitui {team} por valor fornecido","status":"passed","title":"substitui {team} por valor fornecido","duration":1,"failureMessages":[]},{"ancestorTitles":["","fmt"],"fullName":" fmt substitui {n} por valor fornecido","status":"passed","title":"substitui {n} por valor fornecido","duration":1,"failureMessages":[]},{"ancestorTitles":["","fmt"],"fullName":" fmt substitui múltiplas ocorrências do mesmo placeholder","status":"passed","title":"substitui múltiplas ocorrências do mesmo placeholder","duration":0,"failureMessages":[]},{"ancestorTitles":["","fmt"],"fullName":" fmt substitui múltiplos placeholders diferentes","status":"passed","title":"substitui múltiplos placeholders diferentes","duration":0,"failureMessages":[]},{"ancestorTitles":["","fmt"],"fullName":" fmt retorna uma das mensagens do array (aleatório)","status":"passed","title":"retorna uma das mensagens do array (aleatório)","duration":5,"failureMessages":[]},{"ancestorTitles":["","fmt"],"fullName":" fmt funciona com array de tamanho 1","status":"passed","title":"funciona com array de tamanho 1","duration":1,"failureMessages":[]},{"ancestorTitles":["","fmt"],"fullName":" fmt não substitui placeholder ausente nas vars","status":"passed","title":"não substitui placeholder ausente nas vars","duration":0,"failureMessages":[]},{"ancestorTitles":["","fmt"],"fullName":" fmt funciona com vars vazio ({})","status":"passed","title":"funciona com vars vazio ({})","duration":2,"failureMessages":[]},{"ancestorTitles":["","GOAL_MESSAGES"],"fullName":" GOAL_MESSAGES é um array não vazio","status":"passed","title":"é um array não vazio","duration":0,"failureMessages":[]},{"ancestorTitles":["","GOAL_MESSAGES"],"fullName":" GOAL_MESSAGES todos os itens contêm {name}","status":"passed","title":"todos os itens contêm {name}","duration":1,"failureMessages":[]},{"ancestorTitles":["","GOAL_MESSAGES"],"fullName":" GOAL_MESSAGES fmt com GOAL_MESSAGES substitui nome corretamente","status":"passed","title":"fmt com GOAL_MESSAGES substitui nome corretamente","duration":0,"failureMessages":[]},{"ancestorTitles":["","WIN_MESSAGES"],"fullName":" WIN_MESSAGES é um array não vazio","status":"passed","title":"é um array não vazio","duration":0,"failureMessages":[]},{"ancestorTitles":["","WIN_MESSAGES"],"fullName":" WIN_MESSAGES todos os itens contêm {team}","status":"passed","title":"todos os itens contêm {team}","duration":0,"failureMessages":[]},{"ancestorTitles":["","WIN_MESSAGES"],"fullName":" WIN_MESSAGES fmt com WIN_MESSAGES substitui time corretamente","status":"passed","title":"fmt com WIN_MESSAGES substitui time corretamente","duration":0,"failureMessages":[]},{"ancestorTitles":["","DRAW_MESSAGES"],"fullName":" DRAW_MESSAGES é um array não vazio","status":"passed","title":"é um array não vazio","duration":0,"failureMessages":[]},{"ancestorTitles":["","DRAW_MESSAGES"],"fullName":" DRAW_MESSAGES nenhum item usa placeholder (textos fixos)","status":"passed","title":"nenhum item usa placeholder (textos fixos)","duration":1,"failureMessages":[]},{"ancestorTitles":["","MVP_MESSAGES"],"fullName":" MVP_MESSAGES é um array não vazio","status":"passed","title":"é um array não vazio","duration":0,"failureMessages":[]},{"ancestorTitles":["","MVP_MESSAGES"],"fullName":" MVP_MESSAGES todos os itens contêm {name}","status":"passed","title":"todos os itens contêm {name}","duration":0,"failureMessages":[]},{"ancestorTitles":["","STREAK_MESSAGES"],"fullName":" STREAK_MESSAGES todos os itens contêm {name} e {n}","status":"passed","title":"todos os itens contêm {name} e {n}","duration":0,"failureMessages":[]},{"ancestorTitles":["","STREAK_MESSAGES"],"fullName":" STREAK_MESSAGES fmt substitui ambos","status":"passed","title":"fmt substitui ambos","duration":0,"failureMessages":[]},{"ancestorTitles":["","FIRST_GOAL_MESSAGES"],"fullName":" FIRST_GOAL_MESSAGES todos os itens contêm {name}","status":"passed","title":"todos os itens contêm {name}","duration":1,"failureMessages":[]},{"ancestorTitles":["","constants › DAY_SHORT"],"fullName":" constants › DAY_SHORT tem 7 itens (Dom→Sáb)","status":"passed","title":"tem 7 itens (Dom→Sáb)","duration":1,"failureMessages":[]},{"ancestorTitles":["","constants › DAY_SHORT"],"fullName":" constants › DAY_SHORT índice 0 = DOM","status":"passed","title":"índice 0 = DOM","duration":0,"failureMessages":[]},{"ancestorTitles":["","constants › DAY_SHORT"],"fullName":" constants › DAY_SHORT índice 6 = SÁB","status":"passed","title":"índice 6 = SÁB","duration":0,"failureMessages":[]},{"ancestorTitles":["","constants › DAY_FULL"],"fullName":" constants › DAY_FULL tem 7 itens","status":"passed","title":"tem 7 itens","duration":1,"failureMessages":[]},{"ancestorTitles":["","constants › DAY_FULL"],"fullName":" constants › DAY_FULL índice 0 = Domingo","status":"passed","title":"índice 0 = Domingo","duration":0,"failureMessages":[]},{"ancestorTitles":["","constants › DAY_FULL"],"fullName":" constants › DAY_FULL índice 6 = Sábado","status":"passed","title":"índice 6 = Sábado","duration":0,"failureMessages":[]},{"ancestorTitles":["","constants › POSITION_LABEL"],"fullName":" constants › POSITION_LABEL contém goleiro","status":"passed","title":"contém goleiro","duration":1,"failureMessages":[]},{"ancestorTitles":["","constants › POSITION_LABEL"],"fullName":" constants › POSITION_LABEL contém posições de futsal (fixo, ala, pivo)","status":"passed","title":"contém posições de futsal (fixo, ala, pivo)","duration":0,"failureMessages":[]},{"ancestorTitles":["","constants › POSITION_LABEL"],"fullName":" constants › POSITION_LABEL tem pelo menos 9 posições","status":"passed","title":"tem pelo menos 9 posições","duration":0,"failureMessages":[]},{"ancestorTitles":["","constants › CYAN_GRADIENT"],"fullName":" constants › CYAN_GRADIENT é um objeto com background","status":"passed","title":"é um objeto com background","duration":1,"failureMessages":[]},{"ancestorTitles":["","constants › CYAN_GRADIENT"],"fullName":" constants › CYAN_GRADIENT background contém linear-gradient","status":"passed","title":"background contém linear-gradient","duration":0,"failureMessages":[]},{"ancestorTitles":["","constants › CYAN_GRADIENT"],"fullName":" constants › CYAN_GRADIENT contém #00f2ff (cyan-electric)","status":"passed","title":"contém #00f2ff (cyan-electric)","duration":1,"failureMessages":[]}],"startTime":1784657782636,"endTime":1784657782663,"status":"passed","message":"","name":"F:/Documentos/Desktop/Zharick/APLICATIVO/draft-play-app/src/__tests__/utils/messages_constants.test.js"},{"assertionResults":[{"ancestorTitles":["","getUnlockedFeatures","usuário novo (0 jogos)"],"fullName":" getUnlockedFeatures usuário novo (0 jogos) não tem nenhuma feature desbloqueada","status":"passed","title":"não tem nenhuma feature desbloqueada","duration":2,"failureMessages":[]},{"ancestorTitles":["","getUnlockedFeatures","usuário novo (0 jogos)"],"fullName":" getUnlockedFeatures usuário novo (0 jogos) financeiro nunca é desbloqueado automaticamente","status":"passed","title":"financeiro nunca é desbloqueado automaticamente","duration":1,"failureMessages":[]},{"ancestorTitles":["","getUnlockedFeatures","após 1 jogo"],"fullName":" getUnlockedFeatures após 1 jogo desbloqueia histórico e reações","status":"passed","title":"desbloqueia histórico e reações","duration":1,"failureMessages":[]},{"ancestorTitles":["","getUnlockedFeatures","após 1 jogo"],"fullName":" getUnlockedFeatures após 1 jogo não desbloqueia rankings e badges ainda","status":"passed","title":"não desbloqueia rankings e badges ainda","duration":0,"failureMessages":[]},{"ancestorTitles":["","getUnlockedFeatures","após 3 jogos"],"fullName":" getUnlockedFeatures após 3 jogos desbloqueia rankings, badges e seasons","status":"passed","title":"desbloqueia rankings, badges e seasons","duration":0,"failureMessages":[]},{"ancestorTitles":["","getUnlockedFeatures","após 3 jogos"],"fullName":" getUnlockedFeatures após 3 jogos não desbloqueia IA e torneios ainda","status":"passed","title":"não desbloqueia IA e torneios ainda","duration":1,"failureMessages":[]},{"ancestorTitles":["","getUnlockedFeatures","após 5 jogos"],"fullName":" getUnlockedFeatures após 5 jogos desbloqueia IA e torneios","status":"passed","title":"desbloqueia IA e torneios","duration":0,"failureMessages":[]},{"ancestorTitles":["","getUnlockedFeatures","após 5 jogos"],"fullName":" getUnlockedFeatures após 5 jogos mantém tudo que já estava desbloqueado","status":"passed","title":"mantém tudo que já estava desbloqueado","duration":0,"failureMessages":[]},{"ancestorTitles":["","getUnlockedFeatures","limites de threshold exatos"],"fullName":" getUnlockedFeatures limites de threshold exatos 2 jogos: ainda sem rankings","status":"passed","title":"2 jogos: ainda sem rankings","duration":1,"failureMessages":[]},{"ancestorTitles":["","getUnlockedFeatures","limites de threshold exatos"],"fullName":" getUnlockedFeatures limites de threshold exatos 4 jogos: ainda sem IA","status":"passed","title":"4 jogos: ainda sem IA","duration":0,"failureMessages":[]},{"ancestorTitles":["","getUnlockedFeatures","limites de threshold exatos"],"fullName":" getUnlockedFeatures limites de threshold exatos retorna false para valores negativos","status":"passed","title":"retorna false para valores negativos","duration":2,"failureMessages":[]},{"ancestorTitles":["","getUnlockedFeatures","limites de threshold exatos"],"fullName":" getUnlockedFeatures limites de threshold exatos aceita valores altos sem erros","status":"passed","title":"aceita valores altos sem erros","duration":2,"failureMessages":[]},{"ancestorTitles":["","getNewlyUnlocked"],"fullName":" getNewlyUnlocked retorna vazio quando nenhuma feature nova foi desbloqueada","status":"passed","title":"retorna vazio quando nenhuma feature nova foi desbloqueada","duration":1,"failureMessages":[]},{"ancestorTitles":["","getNewlyUnlocked"],"fullName":" getNewlyUnlocked detecta desbloqueio de histórico e reações (0 → 1)","status":"passed","title":"detecta desbloqueio de histórico e reações (0 → 1)","duration":1,"failureMessages":[]},{"ancestorTitles":["","getNewlyUnlocked"],"fullName":" getNewlyUnlocked detecta desbloqueio de rankings, badges, seasons (2 → 3)","status":"passed","title":"detecta desbloqueio de rankings, badges, seasons (2 → 3)","duration":1,"failureMessages":[]},{"ancestorTitles":["","getNewlyUnlocked"],"fullName":" getNewlyUnlocked detecta desbloqueio de IA e torneios (4 → 5)","status":"passed","title":"detecta desbloqueio de IA e torneios (4 → 5)","duration":0,"failureMessages":[]},{"ancestorTitles":["","getNewlyUnlocked"],"fullName":" getNewlyUnlocked não detecta financeiro como desbloqueado (nunca automático)","status":"passed","title":"não detecta financeiro como desbloqueado (nunca automático)","duration":1,"failureMessages":[]},{"ancestorTitles":["","getNewlyUnlocked"],"fullName":" getNewlyUnlocked detecta múltiplos desbloqueios em salto grande (0 → 5)","status":"passed","title":"detecta múltiplos desbloqueios em salto grande (0 → 5)","duration":1,"failureMessages":[]},{"ancestorTitles":["","getNewlyUnlocked"],"fullName":" getNewlyUnlocked retorna array vazio quando before === after","status":"passed","title":"retorna array vazio quando before === after","duration":0,"failureMessages":[]},{"ancestorTitles":["","UNLOCK_MESSAGES"],"fullName":" UNLOCK_MESSAGES tem mensagem para cada feature que pode ser desbloqueada","status":"passed","title":"tem mensagem para cada feature que pode ser desbloqueada","duration":1,"failureMessages":[]},{"ancestorTitles":["","UNLOCK_MESSAGES"],"fullName":" UNLOCK_MESSAGES mensagens contêm emoji (feedback visual)","status":"passed","title":"mensagens contêm emoji (feedback visual)","duration":1,"failureMessages":[]}],"startTime":1784657782595,"endTime":1784657782614,"status":"passed","message":"","name":"F:/Documentos/Desktop/Zharick/APLICATIVO/draft-play-app/src/__tests__/utils/progressiveFeaturesUnlock.test.js"},{"assertionResults":[{"ancestorTitles":["","maskPix"],"fullName":" maskPix retorna \"—\" para undefined","status":"passed","title":"retorna \"—\" para undefined","duration":8,"failureMessages":[]},{"ancestorTitles":["","maskPix"],"fullName":" maskPix retorna \"—\" para null","status":"passed","title":"retorna \"—\" para null","duration":1,"failureMessages":[]},{"ancestorTitles":["","maskPix"],"fullName":" maskPix retorna \"—\" para string vazia","status":"passed","title":"retorna \"—\" para string vazia","duration":1,"failureMessages":[]},{"ancestorTitles":["","maskPix"],"fullName":" maskPix retorna \"****\" para chave com menos de 4 chars","status":"passed","title":"retorna \"****\" para chave com menos de 4 chars","duration":0,"failureMessages":[]},{"ancestorTitles":["","maskPix"],"fullName":" maskPix exibe apenas últimos 4 chars","status":"passed","title":"exibe apenas últimos 4 chars","duration":0,"failureMessages":[]},{"ancestorTitles":["","maskPix"],"fullName":" maskPix funciona com chave Pix email","status":"passed","title":"funciona com chave Pix email","duration":0,"failureMessages":[]},{"ancestorTitles":["","maskPix"],"fullName":" maskPix funciona com exatamente 4 chars","status":"passed","title":"funciona com exatamente 4 chars","duration":0,"failureMessages":[]},{"ancestorTitles":["","maskPix"],"fullName":" maskPix funciona com 5 chars","status":"passed","title":"funciona com 5 chars","duration":1,"failureMessages":[]},{"ancestorTitles":["","maskPhone"],"fullName":" maskPhone retorna \"—\" para null","status":"passed","title":"retorna \"—\" para null","duration":1,"failureMessages":[]},{"ancestorTitles":["","maskPhone"],"fullName":" maskPhone retorna \"—\" para undefined","status":"passed","title":"retorna \"—\" para undefined","duration":0,"failureMessages":[]},{"ancestorTitles":["","maskPhone"],"fullName":" maskPhone mascara número 11 dígitos","status":"passed","title":"mascara número 11 dígitos","duration":1,"failureMessages":[]},{"ancestorTitles":["","maskPhone"],"fullName":" maskPhone não expõe dígitos do meio","status":"passed","title":"não expõe dígitos do meio","duration":0,"failureMessages":[]},{"ancestorTitles":["","maskCPF"],"fullName":" maskCPF retorna \"—\" para null","status":"passed","title":"retorna \"—\" para null","duration":1,"failureMessages":[]},{"ancestorTitles":["","maskCPF"],"fullName":" maskCPF retorna \"—\" para string vazia","status":"passed","title":"retorna \"—\" para string vazia","duration":0,"failureMessages":[]},{"ancestorTitles":["","maskCPF"],"fullName":" maskCPF mascara primeiro e segundo blocos","status":"passed","title":"mascara primeiro e segundo blocos","duration":0,"failureMessages":[]},{"ancestorTitles":["","maskCPF"],"fullName":" maskCPF não expõe último bloco completo","status":"passed","title":"não expõe último bloco completo","duration":1,"failureMessages":[]},{"ancestorTitles":["","maskEmail"],"fullName":" maskEmail retorna \"—\" para null","status":"passed","title":"retorna \"—\" para null","duration":0,"failureMessages":[]},{"ancestorTitles":["","maskEmail"],"fullName":" maskEmail retorna \"—\" para string sem @","status":"passed","title":"retorna \"—\" para string sem @","duration":1,"failureMessages":[]},{"ancestorTitles":["","maskEmail"],"fullName":" maskEmail exibe primeiro char + *** + domínio","status":"passed","title":"exibe primeiro char + *** + domínio","duration":2,"failureMessages":[]},{"ancestorTitles":["","maskEmail"],"fullName":" maskEmail preserva domínio completo","status":"passed","title":"preserva domínio completo","duration":1,"failureMessages":[]},{"ancestorTitles":["","maskEmail"],"fullName":" maskEmail funciona com usuário de 1 char","status":"passed","title":"funciona com usuário de 1 char","duration":0,"failureMessages":[]},{"ancestorTitles":["","maskEmail"],"fullName":" maskEmail email longo — parte visível é só o primeiro char","status":"passed","title":"email longo — parte visível é só o primeiro char","duration":0,"failureMessages":[]},{"ancestorTitles":["","sanitizeText"],"fullName":" sanitizeText retorna string vazia para null","status":"passed","title":"retorna string vazia para null","duration":0,"failureMessages":[]},{"ancestorTitles":["","sanitizeText"],"fullName":" sanitizeText retorna string vazia para undefined","status":"passed","title":"retorna string vazia para undefined","duration":0,"failureMessages":[]},{"ancestorTitles":["","sanitizeText"],"fullName":" sanitizeText retorna string vazia para número","status":"passed","title":"retorna string vazia para número","duration":1,"failureMessages":[]},{"ancestorTitles":["","sanitizeText"],"fullName":" sanitizeText remove espaços das extremidades","status":"passed","title":"remove espaços das extremidades","duration":0,"failureMessages":[]},{"ancestorTitles":["","sanitizeText"],"fullName":" sanitizeText respeita maxLength default (200)","status":"passed","title":"respeita maxLength default (200)","duration":1,"failureMessages":[]},{"ancestorTitles":["","sanitizeText"],"fullName":" sanitizeText respeita maxLength customizado","status":"passed","title":"respeita maxLength customizado","duration":0,"failureMessages":[]},{"ancestorTitles":["","sanitizeText"],"fullName":" sanitizeText remove caracteres de controle","status":"passed","title":"remove caracteres de controle","duration":0,"failureMessages":[]},{"ancestorTitles":["","sanitizeText"],"fullName":" sanitizeText remove tags HTML básicas","status":"passed","title":"remove tags HTML básicas","duration":0,"failureMessages":[]},{"ancestorTitles":["","sanitizeText"],"fullName":" sanitizeText remove tags com atributos","status":"passed","title":"remove tags com atributos","duration":0,"failureMessages":[]},{"ancestorTitles":["","sanitizeText"],"fullName":" sanitizeText preserva texto normal com acentos","status":"passed","title":"preserva texto normal com acentos","duration":1,"failureMessages":[]},{"ancestorTitles":["","sanitizeText"],"fullName":" sanitizeText preserva valores monetários","status":"passed","title":"preserva valores monetários","duration":0,"failureMessages":[]},{"ancestorTitles":["","isValidUUID"],"fullName":" isValidUUID aceita UUID v4 válido","status":"passed","title":"aceita UUID v4 válido","duration":0,"failureMessages":[]},{"ancestorTitles":["","isValidUUID"],"fullName":" isValidUUID rejeita UUID v1","status":"passed","title":"rejeita UUID v1","duration":1,"failureMessages":[]},{"ancestorTitles":["","isValidUUID"],"fullName":" isValidUUID rejeita string sem hífens","status":"passed","title":"rejeita string sem hífens","duration":0,"failureMessages":[]},{"ancestorTitles":["","isValidUUID"],"fullName":" isValidUUID rejeita UUID com zeros apenas","status":"passed","title":"rejeita UUID com zeros apenas","duration":0,"failureMessages":[]},{"ancestorTitles":["","isValidUUID"],"fullName":" isValidUUID rejeita null","status":"passed","title":"rejeita null","duration":0,"failureMessages":[]},{"ancestorTitles":["","isValidUUID"],"fullName":" isValidUUID rejeita undefined","status":"passed","title":"rejeita undefined","duration":0,"failureMessages":[]},{"ancestorTitles":["","isValidUUID"],"fullName":" isValidUUID rejeita string vazia","status":"passed","title":"rejeita string vazia","duration":1,"failureMessages":[]},{"ancestorTitles":["","isValidUUID"],"fullName":" isValidUUID rejeita \"admin\"","status":"passed","title":"rejeita \"admin\"","duration":0,"failureMessages":[]},{"ancestorTitles":["","isValidUUID"],"fullName":" isValidUUID rejeita path traversal","status":"passed","title":"rejeita path traversal","duration":0,"failureMessages":[]},{"ancestorTitles":["","isValidUUID"],"fullName":" isValidUUID aceita UUID v4 com maiúsculas","status":"passed","title":"aceita UUID v4 com maiúsculas","duration":0,"failureMessages":[]},{"ancestorTitles":["","isValidEmail"],"fullName":" isValidEmail aceita email válido simples","status":"passed","title":"aceita email válido simples","duration":1,"failureMessages":[]},{"ancestorTitles":["","isValidEmail"],"fullName":" isValidEmail aceita email com subdomínio","status":"passed","title":"aceita email com subdomínio","duration":1,"failureMessages":[]},{"ancestorTitles":["","isValidEmail"],"fullName":" isValidEmail aceita email com + e pontos","status":"passed","title":"aceita email com + e pontos","duration":0,"failureMessages":[]},{"ancestorTitles":["","isValidEmail"],"fullName":" isValidEmail rejeita sem @","status":"passed","title":"rejeita sem @","duration":1,"failureMessages":[]},{"ancestorTitles":["","isValidEmail"],"fullName":" isValidEmail rejeita sem domínio","status":"passed","title":"rejeita sem domínio","duration":0,"failureMessages":[]},{"ancestorTitles":["","isValidEmail"],"fullName":" isValidEmail rejeita sem extensão","status":"passed","title":"rejeita sem extensão","duration":0,"failureMessages":[]},{"ancestorTitles":["","isValidEmail"],"fullName":" isValidEmail rejeita string vazia","status":"passed","title":"rejeita string vazia","duration":1,"failureMessages":[]},{"ancestorTitles":["","isValidEmail"],"fullName":" isValidEmail rejeita com espaços","status":"passed","title":"rejeita com espaços","duration":0,"failureMessages":[]},{"ancestorTitles":["","isValidEmail"],"fullName":" isValidEmail rejeita dois @","status":"passed","title":"rejeita dois @","duration":0,"failureMessages":[]},{"ancestorTitles":["","isValidEmail"],"fullName":" isValidEmail rejeita null","status":"passed","title":"rejeita null","duration":0,"failureMessages":[]},{"ancestorTitles":["","isValidEmail"],"fullName":" isValidEmail rejeita javascript: URI","status":"passed","title":"rejeita javascript: URI","duration":1,"failureMessages":[]}],"startTime":1784657782590,"endTime":1784657782623,"status":"passed","message":"","name":"F:/Documentos/Desktop/Zharick/APLICATIVO/draft-play-app/src/__tests__/utils/securityUtils.test.js"}]}