{"numTotalTestSuites":4,"numPassedTestSuites":4,"numFailedTestSuites":0,"numPendingTestSuites":0,"numTotalTests":7,"numPassedTests":7,"numFailedTests":0,"numPendingTests":0,"numTodoTests":0,"startTime":1784657815484,"success":true,"testResults":[{"assertionResults":[{"ancestorTitles":["","Segurança › e-mail"],"fullName":" Segurança › e-mail aceita e-mail válido","status":"passed","title":"aceita e-mail válido","duration":2,"failureMessages":[]},{"ancestorTitles":["","Segurança › e-mail"],"fullName":" Segurança › e-mail rejeita e-mail sem @","status":"passed","title":"rejeita e-mail sem @","duration":0,"failureMessages":[]},{"ancestorTitles":["","Segurança › e-mail"],"fullName":" Segurança › e-mail rejeita payload javascript:","status":"passed","title":"rejeita payload javascript:","duration":1,"failureMessages":[]},{"ancestorTitles":["","Segurança › e-mail"],"fullName":" Segurança › e-mail rejeita string vazia e null","status":"passed","title":"rejeita string vazia e null","duration":0,"failureMessages":[]},{"ancestorTitles":["","Segurança › sanitização"],"fullName":" Segurança › sanitização remove tags HTML perigosas do texto","status":"passed","title":"remove tags HTML perigosas do texto","duration":1,"failureMessages":[]},{"ancestorTitles":["","Segurança › máscara e UUID"],"fullName":" Segurança › máscara e UUID mascara e-mail parcialmente","status":"passed","title":"mascara e-mail parcialmente","duration":0,"failureMessages":[]},{"ancestorTitles":["","Segurança › máscara e UUID"],"fullName":" Segurança › máscara e UUID valida UUID","status":"passed","title":"valida UUID","duration":1,"failureMessages":[]}],"startTime":1784657819560,"endTime":1784657819565,"status":"passed","message":"","name":"F:/Documentos/Desktop/Zharick/APLICATIVO/draft-play-app/src/__tests__/security/seguranca-basica.test.js"}]}